{
  "stats": {
    "suites": 16,
    "tests": 43,
    "passes": 42,
    "pending": 0,
    "failures": 1,
    "testsRegistered": 43,
    "passPercent": 97.67441860465117,
    "pendingPercent": 0,
    "other": 0,
    "hasOther": false,
    "skipped": 0,
    "hasSkipped": false,
    "start": "2023-04-16T17:50:09.961Z",
    "end": "2023-04-16T17:52:05.588Z",
    "duration": 115627
  },
  "results": [
    {
      "uuid": "fe3f232a-09fb-4afa-aec5-f284b023c08c",
      "title": "",
      "fullFile": "cypress/e2e/webdriver-uni/autocomplete-dropdown-list.cy.js",
      "file": "cypress/e2e/webdriver-uni/autocomplete-dropdown-list.cy.js",
      "beforeHooks": [],
      "afterHooks": [],
      "tests": [],
      "suites": [
        {
          "uuid": "aea0e90f-692f-4373-a099-d0780bb4373b",
          "title": "Verify Autocomplete dropwdown lists via webdriveruni",
          "fullFile": "",
          "file": "",
          "beforeHooks": [],
          "afterHooks": [],
          "tests": [
            {
              "title": "Select specific product via autocomplete list",
              "fullTitle": "Verify Autocomplete dropwdown lists via webdriveruni Select specific product via autocomplete list",
              "timedOut": null,
              "duration": 3906,
              "state": "passed",
              "speed": "fast",
              "pass": true,
              "fail": false,
              "pending": false,
              "context": null,
              "code": "cy.visit(\"http://www.webdriveruniversity.com\");\ncy.get('#autocomplete-textfield').invoke('removeAttr', 'target').click({\n  force: true\n});\ncy.get('#myInput').type('A'); //interate through all elements in the list\ncy.get('#myInputautocomplete-list > *').each(($el, index, $list) => {\n  const prod = $el.text(); //get the text of each element\n  const productToSelect = 'Avacado';\n  if (prod === productToSelect) {\n    //$el.click();\n    $el.trigger(\"click\");\n    cy.get('#submit-button').click();\n    cy.url().should('include', productToSelect);\n  }\n}).then(() => {\n  // executed when the first part is executed\n  cy.get('#myInput').type('g');\n  cy.get('#myInputautocomplete-list > *').each(($el, index, $list) => {\n    const prod = $el.text();\n    const productToSelect = 'Grapes';\n    if (prod === productToSelect) {\n      //$el.click();   //depricated therefore use trigger()\n      $el.trigger(\"click\");\n      cy.get('#submit-button').click();\n      cy.url().should('include', productToSelect);\n    }\n  });\n});",
              "err": {},
              "uuid": "351726a5-1827-4c80-a1d9-6c65d6499210",
              "parentUUID": "aea0e90f-692f-4373-a099-d0780bb4373b",
              "isHook": false,
              "skipped": false
            }
          ],
          "suites": [],
          "passes": [
            "351726a5-1827-4c80-a1d9-6c65d6499210"
          ],
          "failures": [],
          "pending": [],
          "skipped": [],
          "duration": 3906,
          "root": false,
          "rootEmpty": false,
          "_timeout": 2000
        }
      ],
      "passes": [],
      "failures": [],
      "pending": [],
      "skipped": [],
      "duration": 0,
      "root": true,
      "rootEmpty": true,
      "_timeout": 2000
    },
    {
      "uuid": "57fcfa51-ca51-4a2f-abea-e6be8824873d",
      "title": "",
      "fullFile": "cypress/e2e/webdriver-uni/browser-navigation.cy.js",
      "file": "cypress/e2e/webdriver-uni/browser-navigation.cy.js",
      "beforeHooks": [],
      "afterHooks": [],
      "tests": [],
      "suites": [
        {
          "uuid": "f607cfaa-7f36-43dc-8ea9-6fbb7d505dfc",
          "title": "Validate webdriveruni homepage links",
          "fullFile": "",
          "file": "",
          "beforeHooks": [],
          "afterHooks": [],
          "tests": [
            {
              "title": "Confirm links redirect to the correct pages",
              "fullTitle": "Validate webdriveruni homepage links Confirm links redirect to the correct pages",
              "timedOut": null,
              "duration": 5441,
              "state": "passed",
              "speed": "medium",
              "pass": true,
              "fail": false,
              "pending": false,
              "context": null,
              "code": "//cy.visit(\"http://www.webdriveruniversity.com/Contact-Us/contactus.html\");\ncy.visit(\"http://www.webdriveruniversity.com\"); //go to contact us page\ncy.get('#contact-us').invoke('removeAttr', 'target').click({\n  force: true\n});\ncy.url().should('include', 'contactus'); //go back to home page\ncy.go('back');\ncy.reload();\ncy.url().should('include', 'http://www.webdriveruniversity.com/'); //cy.reload(true) //reload without using cache\n//go again to contact us page\ncy.go('forward');\ncy.url().should('include', 'contactus');\ncy.go('back'); //go to login page\ncy.get('#login-portal').invoke('removeAttr', 'target').click({\n  force: true\n});\ncy.url().should('include', 'Login-Portal');\ncy.go('back'); //go to do list page\ncy.get('#to-do-list').invoke('removeAttr', 'target').click({\n  force: true\n});\ncy.url().should('include', 'To-Do-List');",
              "err": {},
              "uuid": "f2842f5f-158c-4261-a0c6-6633db960d33",
              "parentUUID": "f607cfaa-7f36-43dc-8ea9-6fbb7d505dfc",
              "isHook": false,
              "skipped": false
            }
          ],
          "suites": [],
          "passes": [
            "f2842f5f-158c-4261-a0c6-6633db960d33"
          ],
          "failures": [],
          "pending": [],
          "skipped": [],
          "duration": 5441,
          "root": false,
          "rootEmpty": false,
          "_timeout": 2000
        }
      ],
      "passes": [],
      "failures": [],
      "pending": [],
      "skipped": [],
      "duration": 0,
      "root": true,
      "rootEmpty": true,
      "_timeout": 2000
    },
    {
      "uuid": "9754e6ca-254a-48d5-8f08-ba6400dd3f28",
      "title": "",
      "fullFile": "cypress/e2e/webdriver-uni/checkboxes.cy.js",
      "file": "cypress/e2e/webdriver-uni/checkboxes.cy.js",
      "beforeHooks": [],
      "afterHooks": [],
      "tests": [],
      "suites": [
        {
          "uuid": "7bf3bfd6-4025-4e49-8986-b22e8c4c2f7a",
          "title": "Verify checkboxes via webdriveruni",
          "fullFile": "",
          "file": "",
          "beforeHooks": [],
          "afterHooks": [],
          "tests": [
            {
              "title": "Check and validate checkbox",
              "fullTitle": "Verify checkboxes via webdriveruni Check and validate checkbox",
              "timedOut": null,
              "duration": 1015,
              "state": "passed",
              "speed": "fast",
              "pass": true,
              "fail": false,
              "pending": false,
              "context": null,
              "code": "//cy.get('#checkboxes > :nth-child(1) > input').check()\n//cy.get('#checkboxes > :nth-child(1) > input').check().should('be.checked')\ncy.get('#checkboxes > :nth-child(1) > input').as('option-1'); //use alias\ncy.get('@option-1').check().should('be.checked');",
              "err": {},
              "uuid": "4abfd2f5-3440-4f6e-b442-8b3a8178497d",
              "parentUUID": "7bf3bfd6-4025-4e49-8986-b22e8c4c2f7a",
              "isHook": false,
              "skipped": false
            },
            {
              "title": "This test will fail, check the video and screenshots in the dashboard",
              "fullTitle": "Verify checkboxes via webdriveruni This test will fail, check the video and screenshots in the dashboard",
              "timedOut": null,
              "duration": 640,
              "state": "failed",
              "speed": null,
              "pass": false,
              "fail": true,
              "pending": false,
              "context": null,
              "code": "cy.get('#checkboxes > :nth-child(1) > input').as('option-1'); //use alias\ncy.get('@option-2').check().should('be.checked');",
              "err": {
                "message": "CypressError: `cy.get()` could not find a registered alias for: `@option-2`.\nAvailable aliases are: `option-1`.",
                "estack": "CypressError: `cy.get()` could not find a registered alias for: `@option-2`.\nAvailable aliases are: `option-1`.\n    at $Cy.aliasNotFoundFor (http://www.webdriveruniversity.com/__cypress/runner/cypress_runner.js:133429:74)\n    at $Cy.getAlias (http://www.webdriveruniversity.com/__cypress/runner/cypress_runner.js:133363:12)\n    at Context.get (http://www.webdriveruniversity.com/__cypress/runner/cypress_runner.js:142933:23)\n    at wrapped (http://www.webdriveruniversity.com/__cypress/runner/cypress_runner.js:157135:43)\nFrom Your Spec Code:\n    at Context.eval (http://www.webdriveruniversity.com/__cypress/tests?p=cypress/e2e/webdriver-uni/checkboxes.cy.js:118:8)",
                "diff": null
              },
              "uuid": "99cb8eb6-b833-48a7-90f5-116722e17e46",
              "parentUUID": "7bf3bfd6-4025-4e49-8986-b22e8c4c2f7a",
              "isHook": false,
              "skipped": false
            },
            {
              "title": "Uncheck and validate checkbox",
              "fullTitle": "Verify checkboxes via webdriveruni Uncheck and validate checkbox",
              "timedOut": null,
              "duration": 566,
              "state": "passed",
              "speed": "fast",
              "pass": true,
              "fail": false,
              "pending": false,
              "context": null,
              "code": "cy.get(':nth-child(5) > input').as('option-3');\ncy.get('@option-3').uncheck().should('not.be.checked');",
              "err": {},
              "uuid": "523833dd-7b1c-46b0-bb58-75c80d7da4f2",
              "parentUUID": "7bf3bfd6-4025-4e49-8986-b22e8c4c2f7a",
              "isHook": false,
              "skipped": false
            },
            {
              "title": "Check multiple checkbox",
              "fullTitle": "Verify checkboxes via webdriveruni Check multiple checkbox",
              "timedOut": null,
              "duration": 775,
              "state": "passed",
              "speed": "fast",
              "pass": true,
              "fail": false,
              "pending": false,
              "context": null,
              "code": "// value of first checkbox = \"option-1\"\ncy.get(\"input[type='checkbox']\").check([\"option-1\", \"option-2\", \"option-3\", \"option-4\"]).should('be.checked');",
              "err": {},
              "uuid": "05b5344f-9557-471e-a04c-a177af9cd23f",
              "parentUUID": "7bf3bfd6-4025-4e49-8986-b22e8c4c2f7a",
              "isHook": false,
              "skipped": false
            }
          ],
          "suites": [],
          "passes": [
            "4abfd2f5-3440-4f6e-b442-8b3a8178497d",
            "523833dd-7b1c-46b0-bb58-75c80d7da4f2",
            "05b5344f-9557-471e-a04c-a177af9cd23f"
          ],
          "failures": [
            "99cb8eb6-b833-48a7-90f5-116722e17e46"
          ],
          "pending": [],
          "skipped": [],
          "duration": 2996,
          "root": false,
          "rootEmpty": false,
          "_timeout": 2000
        }
      ],
      "passes": [],
      "failures": [],
      "pending": [],
      "skipped": [],
      "duration": 0,
      "root": true,
      "rootEmpty": true,
      "_timeout": 2000
    },
    {
      "uuid": "3fed031f-1db1-44dd-905b-c1b36af2c49f",
      "title": "",
      "fullFile": "cypress/e2e/webdriver-uni/contact-us.cy.js",
      "file": "cypress/e2e/webdriver-uni/contact-us.cy.js",
      "beforeHooks": [],
      "afterHooks": [],
      "tests": [],
      "suites": [
        {
          "uuid": "014e5fee-d284-4ee6-92f8-c38ba40b71e1",
          "title": "Test Contact Us form via WebdriverUni",
          "fullFile": "",
          "file": "",
          "beforeHooks": [],
          "afterHooks": [],
          "tests": [
            {
              "title": "Should be able to submit a successful submission via contact us form",
              "fullTitle": "Test Contact Us form via WebdriverUni Should be able to submit a successful submission via contact us form",
              "timedOut": null,
              "duration": 3521,
              "state": "passed",
              "speed": "fast",
              "pass": true,
              "fail": false,
              "pending": false,
              "context": null,
              "code": "//get the active window\ncy.document().should('have.a.property', 'charset').and('equal', 'UTF-8');\ncy.title().should('include', 'WebDriver | Contact Us');\ncy.url().should('include', 'contactus'); //hardcoded\n// cy.get('[name=\"first_name\"]').type('Joe');\n// cy.get('[name=\"last_name\"]').type('Smitt');\n// cy.get('[name=\"email\"]').type('joe11@gmail.com');\n// cy.get('textarea.feedback-input').type('This is comment');\n//load data from file\n// cy.get('[name=\"first_name\"]').type(data.first_name);\n// cy.get('[name=\"last_name\"]').type(data.last_name);\n// cy.get('[name=\"email\"]').type(data.email);\n// cy.get('textarea.feedback-input').type(data.comment);\n// cy.get('[type=\"submit\"]').click()\n// cy.get('h1').should('have.text', 'Thank You for your Message!')\n//use custom commands -> support>commands\n// cy.webdriverUni_ContactForm_Submission(data.first_name,data.last_name,data.email,data.comment,'h1','Thank You for your Message!')\n//use environment vars (cypress.config.js) & custom commands (support>commands)\n// cy.webdriverUni_ContactForm_Submission(Cypress.env(\"first_name\"),data.last_name,data.email,data.comment,'h1','Thank You for your Message!')\n//use page object model command\nconst conactUs_PO = new _ContactUs_PO.default();\nconactUs_PO.contactForm_Submission(data.first_name, data.last_name, data.email, data.comment, 'h1', 'Thank You for your Message!');",
              "err": {},
              "uuid": "6e9cabb6-d14b-4753-90ca-ee768c871b5c",
              "parentUUID": "014e5fee-d284-4ee6-92f8-c38ba40b71e1",
              "isHook": false,
              "skipped": false
            },
            {
              "title": "Should not be able to submit a successful submission via contact us form",
              "fullTitle": "Test Contact Us form via WebdriverUni Should not be able to submit a successful submission via contact us form",
              "timedOut": null,
              "duration": 1988,
              "state": "passed",
              "speed": "fast",
              "pass": true,
              "fail": false,
              "pending": false,
              "context": null,
              "code": "//hardcoded\n// cy.get('[name=\"first_name\"]').type('Joe');\n// cy.get('[name=\"last_name\"]').type('Smitt');\n// cy.get('textarea.feedback-input').type('This is comment');\n//loaded from example.json file\n// cy.get('[name=\"first_name\"]').type(data.first_name);\n// cy.get('[name=\"last_name\"]').type(data.last_name);\n// cy.get('textarea.feedback-input').type(data.comment);\n// cy.get('[type=\"submit\"]').click() ;\n// cy.get('body').contains('Error: all fields are required')\n//use custom commands -> support>commands\n// cy.webdriverUni_ContactForm_Submission(data.first_name,data.last_name,\" \",data.comment,'body','Error: Invalid email address')\nconst conactUs_PO = new _ContactUs_PO.default();\nconactUs_PO.contactForm_Submission(data.first_name, data.last_name, \" \", data.comment, 'body', 'Error: Invalid email address');",
              "err": {},
              "uuid": "16fd1337-03c1-4f5a-9ba0-e4dba095229b",
              "parentUUID": "014e5fee-d284-4ee6-92f8-c38ba40b71e1",
              "isHook": false,
              "skipped": false
            }
          ],
          "suites": [],
          "passes": [
            "6e9cabb6-d14b-4753-90ca-ee768c871b5c",
            "16fd1337-03c1-4f5a-9ba0-e4dba095229b"
          ],
          "failures": [],
          "pending": [],
          "skipped": [],
          "duration": 5509,
          "root": false,
          "rootEmpty": false,
          "_timeout": 2000
        }
      ],
      "passes": [],
      "failures": [],
      "pending": [],
      "skipped": [],
      "duration": 0,
      "root": true,
      "rootEmpty": true,
      "_timeout": 2000
    },
    {
      "uuid": "5d9ae22a-48d8-4b5d-9eac-6c02a7c98e84",
      "title": "",
      "fullFile": "cypress/e2e/webdriver-uni/contact-us_withPOM.cy .js",
      "file": "cypress/e2e/webdriver-uni/contact-us_withPOM.cy .js",
      "beforeHooks": [],
      "afterHooks": [],
      "tests": [],
      "suites": [
        {
          "uuid": "faf67c2d-d553-4a68-90d7-e36b390c496a",
          "title": "Test Contact Us form via WebdriverUni",
          "fullFile": "",
          "file": "",
          "beforeHooks": [],
          "afterHooks": [],
          "tests": [
            {
              "title": "Should be able to submit a successful submission via contact us form",
              "fullTitle": "Test Contact Us form via WebdriverUni Should be able to submit a successful submission via contact us form",
              "timedOut": null,
              "duration": 3665,
              "state": "passed",
              "speed": "fast",
              "pass": true,
              "fail": false,
              "pending": false,
              "context": null,
              "code": "//use page object model command\nconactUs_PO.contactForm_Submission(data.first_name, data.last_name, data.email, data.comment, 'h1', 'Thank You for your Message!');",
              "err": {},
              "uuid": "a989bdbe-1c2f-4697-a438-a05a5829b3c5",
              "parentUUID": "faf67c2d-d553-4a68-90d7-e36b390c496a",
              "isHook": false,
              "skipped": false
            },
            {
              "title": "Should not be able to submit a successful submission via contact us form",
              "fullTitle": "Test Contact Us form via WebdriverUni Should not be able to submit a successful submission via contact us form",
              "timedOut": null,
              "duration": 1936,
              "state": "passed",
              "speed": "fast",
              "pass": true,
              "fail": false,
              "pending": false,
              "context": null,
              "code": "conactUs_PO.contactForm_Submission(data.first_name, data.last_name, \" \", data.comment, 'body', 'Error: Invalid email address');",
              "err": {},
              "uuid": "f113866e-0ec4-4c28-ad7c-7527a5a7afaa",
              "parentUUID": "faf67c2d-d553-4a68-90d7-e36b390c496a",
              "isHook": false,
              "skipped": false
            }
          ],
          "suites": [],
          "passes": [
            "a989bdbe-1c2f-4697-a438-a05a5829b3c5",
            "f113866e-0ec4-4c28-ad7c-7527a5a7afaa"
          ],
          "failures": [],
          "pending": [],
          "skipped": [],
          "duration": 5601,
          "root": false,
          "rootEmpty": false,
          "_timeout": 2000
        }
      ],
      "passes": [],
      "failures": [],
      "pending": [],
      "skipped": [],
      "duration": 0,
      "root": true,
      "rootEmpty": true,
      "_timeout": 2000
    },
    {
      "uuid": "c9ad5198-cb7d-4efe-929d-0cab4c23ec5e",
      "title": "",
      "fullFile": "cypress/e2e/webdriver-uni/data-tables.cy.js",
      "file": "cypress/e2e/webdriver-uni/data-tables.cy.js",
      "beforeHooks": [],
      "afterHooks": [],
      "tests": [],
      "suites": [
        {
          "uuid": "0ce82389-1d75-4169-9d8a-0b9d4ed3bf2c",
          "title": "Handling data via webdriveruni",
          "fullFile": "",
          "file": "",
          "beforeHooks": [],
          "afterHooks": [],
          "tests": [
            {
              "title": "Calculate and assert the total age of all users",
              "fullTitle": "Handling data via webdriveruni Calculate and assert the total age of all users",
              "timedOut": null,
              "duration": 1714,
              "state": "passed",
              "speed": "fast",
              "pass": true,
              "fail": false,
              "pending": false,
              "context": null,
              "code": "var userDetails = [];\nlet numb = 0;\ncy.get(\"#thumbnail-1 td\").each(($el, index, $list) => {\n  userDetails[index] = $el.text(); //extract the text from each cell\n}).then(() => {\n  var i;\n  for (i = 0; i < userDetails.length; i++) {\n    if (Number(userDetails[i])) {\n      numb += Number(userDetails[i]);\n    } //   cy.log(userDetails[i])\n  }\n  cy.log(\"Found total age: \" + numb);\n  expect(numb).to.eq(322);\n});",
              "err": {},
              "uuid": "b827b24d-f87b-4178-bbad-edacbd420585",
              "parentUUID": "0ce82389-1d75-4169-9d8a-0b9d4ed3bf2c",
              "isHook": false,
              "skipped": false
            },
            {
              "title": "Calculate and assert the age of a given user based on last name",
              "fullTitle": "Handling data via webdriveruni Calculate and assert the age of a given user based on last name",
              "timedOut": null,
              "duration": 712,
              "state": "passed",
              "speed": "fast",
              "pass": true,
              "fail": false,
              "pending": false,
              "context": null,
              "code": "cy.get(\"#thumbnail-1 tr td:nth-child(2)\").each(($el, index, $list) => {\n  const text = $el.text();\n  if (text.includes(\"Woods\")) {\n    cy.get(\"#thumbnail-1 tr td:nth-child(2)\") //locate \"Woods\"\n    .eq(index) //get its index, in this case index=5\n    .next() //move to the next cell of the table which it its age\n    .then(function (age) {\n      const userAge = age.text();\n      expect(userAge).to.equal(\"80\");\n    });\n  }\n});",
              "err": {},
              "uuid": "e619caea-884a-4df6-ad36-42c0076fa1a0",
              "parentUUID": "0ce82389-1d75-4169-9d8a-0b9d4ed3bf2c",
              "isHook": false,
              "skipped": false
            }
          ],
          "suites": [],
          "passes": [
            "b827b24d-f87b-4178-bbad-edacbd420585",
            "e619caea-884a-4df6-ad36-42c0076fa1a0"
          ],
          "failures": [],
          "pending": [],
          "skipped": [],
          "duration": 2426,
          "root": false,
          "rootEmpty": false,
          "_timeout": 2000
        }
      ],
      "passes": [],
      "failures": [],
      "pending": [],
      "skipped": [],
      "duration": 0,
      "root": true,
      "rootEmpty": true,
      "_timeout": 2000
    },
    {
      "uuid": "b3fbd599-e92a-48e3-9747-be51a3528fd0",
      "title": "",
      "fullFile": "cypress/e2e/webdriver-uni/datepicker.cy.js",
      "file": "cypress/e2e/webdriver-uni/datepicker.cy.js",
      "beforeHooks": [],
      "afterHooks": [],
      "tests": [],
      "suites": [
        {
          "uuid": "b5d82dd9-f9e1-42b5-bb15-de2b4ccd0c55",
          "title": "Test Datepicker via webdriveruni",
          "fullFile": "",
          "file": "",
          "beforeHooks": [],
          "afterHooks": [],
          "tests": [
            {
              "title": "Select date from the datepicker",
              "fullTitle": "Test Datepicker via webdriveruni Select date from the datepicker",
              "timedOut": null,
              "duration": 2065,
              "state": "passed",
              "speed": "fast",
              "pass": true,
              "fail": false,
              "pending": false,
              "context": null,
              "code": "cy.visit(\"http://www.webdriveruniversity.com\");\ncy.get('#datepicker').invoke('removeAttr', 'target').click({\n  force: true\n});\ncy.get('#datepicker').click(); // let date = new Date();\n// date.setDate(date.getDate())\n// cy.log(date.getDate()) //get current day i.e. 22\n// let date2 = new Date();\n// date2.setDate(date.getDate() + 5)\n// cy.log(date2.getDate()) //get future day i.e. 22 + 5 = 27\nvar date = new Date(); //set furute date\ndate.setDate(date.getDate() + 3); //same year \n// date.setDate(date.getDate() + 360); //next year, same day\n// date.setDate(date.getDate() + 367); //next year, a week after current day\n//depending on the future date, it will figure out what year it will be\nvar futureYear = date.getFullYear(); //formating the month - in the datepicket is \"June 2023\"\nvar futureMonth = date.toLocaleString(\"default\", {\n  month: \"long\"\n});\nvar futureDay = date.getDate();\ncy.log(\"Future year to select: \" + futureYear);\ncy.log(\"Future month to select: \" + futureMonth);\ncy.log(\"Future day to select: \" + futureDay);\nfunction selectMonthAndYear() {\n  cy.get('.datepicker-dropdown').find('.datepicker-switch') //find where the month and year are located\n  .first().then(currentDate => {\n    //selet the correct year\n    //if the future year is not the current year\n    if (!currentDate.text().includes(futureYear)) {\n      cy.get('.next').first().click(); //click on the first fin which is \">\" button and move to the next month\n      selectMonthAndYear();\n    }\n  }).then(() => {\n    //select the correct month\n    cy.get('.datepicker-dropdown').find('.datepicker-switch').first().then(currentDate => {\n      if (!currentDate.text().includes(futureMonth)) {\n        cy.get('.next').first().click();\n        selectMonthAndYear();\n      }\n    });\n  });\n}\nfunction selectFutureDay() {\n  //select the correct day\n  cy.get('[class=\"day\"]') //selects all days in month - 30/31 days\n  .contains(futureDay).click();\n}\nselectMonthAndYear(); //select the correct year then month first\nselectFutureDay(); //then select the correct day",
              "err": {},
              "uuid": "99ef82f7-f653-445d-a20a-0df8747d9134",
              "parentUUID": "b5d82dd9-f9e1-42b5-bb15-de2b4ccd0c55",
              "isHook": false,
              "skipped": false
            }
          ],
          "suites": [],
          "passes": [
            "99ef82f7-f653-445d-a20a-0df8747d9134"
          ],
          "failures": [],
          "pending": [],
          "skipped": [],
          "duration": 2065,
          "root": false,
          "rootEmpty": false,
          "_timeout": 2000
        }
      ],
      "passes": [],
      "failures": [],
      "pending": [],
      "skipped": [],
      "duration": 0,
      "root": true,
      "rootEmpty": true,
      "_timeout": 2000
    },
    {
      "uuid": "f71a7f0d-5cdf-4daf-9dc3-12f1e01721e7",
      "title": "",
      "fullFile": "cypress/e2e/webdriver-uni/file-upload.cy.js",
      "file": "cypress/e2e/webdriver-uni/file-upload.cy.js",
      "beforeHooks": [],
      "afterHooks": [],
      "tests": [],
      "suites": [
        {
          "uuid": "8961cb90-6ba4-4c22-91a1-a57eb3c4856d",
          "title": "Test File Upload via webdriveruni",
          "fullFile": "",
          "file": "",
          "beforeHooks": [],
          "afterHooks": [],
          "tests": [
            {
              "title": "Upload a file....",
              "fullTitle": "Test File Upload via webdriveruni Upload a file....",
              "timedOut": null,
              "duration": 1450,
              "state": "passed",
              "speed": "fast",
              "pass": true,
              "fail": false,
              "pending": false,
              "context": null,
              "code": "cy.get(\"#myFile\").selectFile(\"cypress/fixtures/cutty.jpeg\");\ncy.get(\"#submit-button\").click();",
              "err": {},
              "uuid": "40cdd219-fb7c-47f2-bde3-2b1d9dc4c78f",
              "parentUUID": "8961cb90-6ba4-4c22-91a1-a57eb3c4856d",
              "isHook": false,
              "skipped": false
            },
            {
              "title": "Upload No file...",
              "fullTitle": "Test File Upload via webdriveruni Upload No file...",
              "timedOut": null,
              "duration": 849,
              "state": "passed",
              "speed": "fast",
              "pass": true,
              "fail": false,
              "pending": false,
              "context": null,
              "code": "cy.get(\"#submit-button\").click();",
              "err": {},
              "uuid": "8d4ada5c-d144-4a52-b4c0-753f60045273",
              "parentUUID": "8961cb90-6ba4-4c22-91a1-a57eb3c4856d",
              "isHook": false,
              "skipped": false
            }
          ],
          "suites": [],
          "passes": [
            "40cdd219-fb7c-47f2-bde3-2b1d9dc4c78f",
            "8d4ada5c-d144-4a52-b4c0-753f60045273"
          ],
          "failures": [],
          "pending": [],
          "skipped": [],
          "duration": 2299,
          "root": false,
          "rootEmpty": false,
          "_timeout": 2000
        }
      ],
      "passes": [],
      "failures": [],
      "pending": [],
      "skipped": [],
      "duration": 0,
      "root": true,
      "rootEmpty": true,
      "_timeout": 2000
    },
    {
      "uuid": "04dbc298-e9c2-4a0e-b1e5-7adbc2c8130a",
      "title": "",
      "fullFile": "cypress/e2e/webdriver-uni/iframe.cy.js",
      "file": "cypress/e2e/webdriver-uni/iframe.cy.js",
      "beforeHooks": [],
      "afterHooks": [],
      "tests": [],
      "suites": [
        {
          "uuid": "faae1bb1-adcc-4861-9e2b-d39315de57ce",
          "title": "Handling IFrame & Modals",
          "fullFile": "",
          "file": "",
          "beforeHooks": [],
          "afterHooks": [],
          "tests": [
            {
              "title": "Handle webdriveruni iframe and modal",
              "fullTitle": "Handling IFrame & Modals Handle webdriveruni iframe and modal",
              "timedOut": null,
              "duration": 2302,
              "state": "passed",
              "speed": "fast",
              "pass": true,
              "fail": false,
              "pending": false,
              "context": null,
              "code": "cy.visit(\"http://www.webdriveruniversity.com\");\ncy.get('#iframe').invoke('removeAttr', 'target').click({\n  force: true\n});\ncy.get('#frame').then($iframe => {\n  const body = $iframe.contents().find('body');\n  cy.wrap(body).as('iframe');\n});\ncy.get('@iframe').find('#button-find-out-more').click();\ncy.get('@iframe').find('#myModal').as('modal');\ncy.get('@modal').should($expectedText => {\n  const text = $expectedText.text();\n  expect(text).to.include('Welcome to webdriveruniversity.com we sell a wide range of electrical goods');\n});\ncy.get('@modal').contains('Close').click();",
              "err": {},
              "uuid": "d358698b-d08e-40a4-b6d0-796cd113e516",
              "parentUUID": "faae1bb1-adcc-4861-9e2b-d39315de57ce",
              "isHook": false,
              "skipped": false
            }
          ],
          "suites": [],
          "passes": [
            "d358698b-d08e-40a4-b6d0-796cd113e516"
          ],
          "failures": [],
          "pending": [],
          "skipped": [],
          "duration": 2302,
          "root": false,
          "rootEmpty": false,
          "_timeout": 2000
        }
      ],
      "passes": [],
      "failures": [],
      "pending": [],
      "skipped": [],
      "duration": 0,
      "root": true,
      "rootEmpty": true,
      "_timeout": 2000
    },
    {
      "uuid": "53fd58e7-43fb-4101-bbf7-6eb6164ca6e0",
      "title": "",
      "fullFile": "cypress/e2e/webdriver-uni/js-alerts.cy.js",
      "file": "cypress/e2e/webdriver-uni/js-alerts.cy.js",
      "beforeHooks": [],
      "afterHooks": [],
      "tests": [],
      "suites": [
        {
          "uuid": "cbc78130-37bd-4104-8b54-9f21484e1155",
          "title": "Handle js alerts",
          "fullFile": "",
          "file": "",
          "beforeHooks": [],
          "afterHooks": [],
          "tests": [
            {
              "title": "Validate js confirm alert box using a stub",
              "fullTitle": "Handle js alerts Validate js confirm alert box using a stub",
              "timedOut": null,
              "duration": 2210,
              "state": "passed",
              "speed": "fast",
              "pass": true,
              "fail": false,
              "pending": false,
              "context": null,
              "code": "cy.visit(\"http://www.webdriveruniversity.com\");\ncy.get('#popup-alerts').invoke('removeAttr', 'target').click({\n  force: true\n});\nconst stub = cy.stub(); //link the stub to the event\n//when the event is fired the stub will store the result\ncy.on('window:confirm', stub);\ncy.get('#button4').click().then(() => {\n  //index 0 because only one event has been fired\n  expect(stub.getCall(0)).to.be.calledWith('Press a button!');\n}).then(() => {\n  return true;\n}).then(() => {\n  cy.get('#confirm-alert-text').contains('You pressed OK!');\n});",
              "err": {},
              "uuid": "5fcd7213-a1cd-43d1-be68-4805887a6b15",
              "parentUUID": "cbc78130-37bd-4104-8b54-9f21484e1155",
              "isHook": false,
              "skipped": false
            }
          ],
          "suites": [],
          "passes": [
            "5fcd7213-a1cd-43d1-be68-4805887a6b15"
          ],
          "failures": [],
          "pending": [],
          "skipped": [],
          "duration": 2210,
          "root": false,
          "rootEmpty": false,
          "_timeout": 2000
        }
      ],
      "passes": [],
      "failures": [],
      "pending": [],
      "skipped": [],
      "duration": 0,
      "root": true,
      "rootEmpty": true,
      "_timeout": 2000
    },
    {
      "uuid": "96f54e25-80a8-4a55-97d6-d0e9e869fcc2",
      "title": "",
      "fullFile": "cypress/e2e/webdriver-uni/mouse-actions.cy.js",
      "file": "cypress/e2e/webdriver-uni/mouse-actions.cy.js",
      "beforeHooks": [],
      "afterHooks": [],
      "tests": [],
      "suites": [
        {
          "uuid": "405bfbb6-18ff-40c1-8b2b-99c007b7816c",
          "title": "Test mouse actions",
          "fullFile": "",
          "file": "",
          "beforeHooks": [],
          "afterHooks": [],
          "tests": [
            {
              "title": "Scroll element into view",
              "fullTitle": "Test mouse actions Scroll element into view",
              "timedOut": null,
              "duration": 810,
              "state": "passed",
              "speed": "fast",
              "pass": true,
              "fail": false,
              "pending": false,
              "context": null,
              "code": "cy.visit(\"http://www.webdriveruniversity.com\");\ncy.get('#actions').scrollIntoView().invoke('removeAttr', 'target').click({\n  force: true\n});",
              "err": {},
              "uuid": "1ca4cc4a-60cd-42d6-91a5-4ad4d8d00b8c",
              "parentUUID": "405bfbb6-18ff-40c1-8b2b-99c007b7816c",
              "isHook": false,
              "skipped": false
            },
            {
              "title": "I should be able to drag and drop a draggable item",
              "fullTitle": "Test mouse actions I should be able to drag and drop a draggable item",
              "timedOut": null,
              "duration": 1253,
              "state": "passed",
              "speed": "fast",
              "pass": true,
              "fail": false,
              "pending": false,
              "context": null,
              "code": "cy.visit(\"http://www.webdriveruniversity.com\");\ncy.get('#actions').scrollIntoView().invoke('removeAttr', 'target').click({\n  force: true\n}); //get the element at the center\ncy.get('#draggable').trigger('mousedown', {\n  which: 1\n}); //move then release the mouse (force is to make sure the mouse is released)\ncy.get('#droppable').trigger('mousemove').trigger('mouseup', {\n  force: true\n});",
              "err": {},
              "uuid": "8f0cf208-ddbf-46ce-bff9-630bcfde7a0a",
              "parentUUID": "405bfbb6-18ff-40c1-8b2b-99c007b7816c",
              "isHook": false,
              "skipped": false
            },
            {
              "title": "I should be able to perform a double mouse click",
              "fullTitle": "Test mouse actions I should be able to perform a double mouse click",
              "timedOut": null,
              "duration": 806,
              "state": "passed",
              "speed": "fast",
              "pass": true,
              "fail": false,
              "pending": false,
              "context": null,
              "code": "cy.visit(\"http://www.webdriveruniversity.com\");\ncy.get('#actions').scrollIntoView().invoke('removeAttr', 'target').click({\n  force: true\n});\ncy.get('#double-click').dblclick();",
              "err": {},
              "uuid": "6c5f09f7-50dc-43c2-bd6a-a4d6be31c26f",
              "parentUUID": "405bfbb6-18ff-40c1-8b2b-99c007b7816c",
              "isHook": false,
              "skipped": false
            },
            {
              "title": "I should be able hold down the left mouse click button on a given element",
              "fullTitle": "Test mouse actions I should be able hold down the left mouse click button on a given element",
              "timedOut": null,
              "duration": 618,
              "state": "passed",
              "speed": "fast",
              "pass": true,
              "fail": false,
              "pending": false,
              "context": null,
              "code": "cy.visit(\"http://www.webdriveruniversity.com\");\ncy.get('#actions').scrollIntoView().invoke('removeAttr', 'target').click({\n  force: true\n});\ncy.get('#click-box').trigger('mousedown', {\n  which: 1\n}).then($element => {\n  expect($element).to.have.css('background-color', 'rgb(0, 255, 0)');\n});",
              "err": {},
              "uuid": "c07c7f28-3e0a-4624-8e0b-df6baf71497c",
              "parentUUID": "405bfbb6-18ff-40c1-8b2b-99c007b7816c",
              "isHook": false,
              "skipped": false
            }
          ],
          "suites": [],
          "passes": [
            "1ca4cc4a-60cd-42d6-91a5-4ad4d8d00b8c",
            "8f0cf208-ddbf-46ce-bff9-630bcfde7a0a",
            "6c5f09f7-50dc-43c2-bd6a-a4d6be31c26f",
            "c07c7f28-3e0a-4624-8e0b-df6baf71497c"
          ],
          "failures": [],
          "pending": [],
          "skipped": [],
          "duration": 3487,
          "root": false,
          "rootEmpty": false,
          "_timeout": 2000
        }
      ],
      "passes": [],
      "failures": [],
      "pending": [],
      "skipped": [],
      "duration": 0,
      "root": true,
      "rootEmpty": true,
      "_timeout": 2000
    },
    {
      "uuid": "93210969-b3e3-41b2-9483-b4160ca5105b",
      "title": "",
      "fullFile": "cypress/e2e/webdriver-uni/multiplewindows.cy.js",
      "file": "cypress/e2e/webdriver-uni/multiplewindows.cy.js",
      "beforeHooks": [],
      "afterHooks": [],
      "tests": [],
      "suites": [
        {
          "uuid": "8868381e-d240-4765-97ce-8bb5f3ede5c0",
          "title": "Test Contact Us form via WebdriverUni",
          "fullFile": "",
          "file": "",
          "beforeHooks": [],
          "afterHooks": [],
          "tests": [
            {
              "title": "Should be able to submit a successful submission via contact us form",
              "fullTitle": "Test Contact Us form via WebdriverUni Should be able to submit a successful submission via contact us form",
              "timedOut": null,
              "duration": 3532,
              "state": "passed",
              "speed": "fast",
              "pass": true,
              "fail": false,
              "pending": false,
              "context": null,
              "code": "//cy.visit(\"https://webdriveruniversity.com/Contact-Us/contactus.html\");\ncy.visit(\"https://webdriveruniversity.com/\");\ncy.get('#contact-us').invoke('removeAttr', 'target') // remove the target attr (target = _blank)\n.click({\n  force: true\n}); //forse the click\ncy.document().should('have.a.property', 'charset').and('equal', 'UTF-8');\ncy.title().should('include', 'WebDriver | Contact Us');\ncy.url().should('include', 'contactus');\ncy.get('[name=\"first_name\"]').type('Joe');\ncy.get('[name=\"last_name\"]').type('Smitt');\ncy.get('[name=\"email\"]').type('joe11@gmail.com');\ncy.get('textarea.feedback-input').type('This is comment');\ncy.get('[type=\"submit\"]').click();\ncy.get('h1').should('have.text', 'Thank You for your Message!');",
              "err": {},
              "uuid": "af7f27b2-6c31-457f-904f-258cea1fb011",
              "parentUUID": "8868381e-d240-4765-97ce-8bb5f3ede5c0",
              "isHook": false,
              "skipped": false
            },
            {
              "title": "Should not be able to submit a successful submission via contact us form",
              "fullTitle": "Test Contact Us form via WebdriverUni Should not be able to submit a successful submission via contact us form",
              "timedOut": null,
              "duration": 2084,
              "state": "passed",
              "speed": "fast",
              "pass": true,
              "fail": false,
              "pending": false,
              "context": null,
              "code": "//cy.visit(\"https://webdriveruniversity.com/Contact-Us/contactus.html\");\ncy.visit(\"https://webdriveruniversity.com/\");\ncy.get('#contact-us').invoke('removeAttr', 'target') // remove the target attr (target = _blank)\n.click({\n  force: true\n}); //forse the click\ncy.get('[name=\"first_name\"]').type('Joe');\ncy.get('[name=\"last_name\"]').type('Smitt');\ncy.get('textarea.feedback-input').type('This is comment');\ncy.get('[type=\"submit\"]').click();\ncy.get('body').contains('Error: all fields are required');",
              "err": {},
              "uuid": "64924755-575a-4bb1-8a68-55a7d25e5247",
              "parentUUID": "8868381e-d240-4765-97ce-8bb5f3ede5c0",
              "isHook": false,
              "skipped": false
            }
          ],
          "suites": [],
          "passes": [
            "af7f27b2-6c31-457f-904f-258cea1fb011",
            "64924755-575a-4bb1-8a68-55a7d25e5247"
          ],
          "failures": [],
          "pending": [],
          "skipped": [],
          "duration": 5616,
          "root": false,
          "rootEmpty": false,
          "_timeout": 2000
        }
      ],
      "passes": [],
      "failures": [],
      "pending": [],
      "skipped": [],
      "duration": 0,
      "root": true,
      "rootEmpty": true,
      "_timeout": 2000
    },
    {
      "uuid": "ed4809b2-f7ae-4c9a-8859-50ef5b642bac",
      "title": "",
      "fullFile": "cypress/e2e/webdriver-uni/radio-buttons.cy.js",
      "file": "cypress/e2e/webdriver-uni/radio-buttons.cy.js",
      "beforeHooks": [],
      "afterHooks": [],
      "tests": [],
      "suites": [
        {
          "uuid": "a4920e71-6fb7-4a32-86e3-cd4f7d741e72",
          "title": "Verify radio buttons via webdriveruni",
          "fullFile": "",
          "file": "",
          "beforeHooks": [],
          "afterHooks": [],
          "tests": [
            {
              "title": "Check specific radio buttons",
              "fullTitle": "Verify radio buttons via webdriveruni Check specific radio buttons",
              "timedOut": null,
              "duration": 1652,
              "state": "passed",
              "speed": "fast",
              "pass": true,
              "fail": false,
              "pending": false,
              "context": null,
              "code": "//form with id = radio-buttons; input type = 'radio'\ncy.get('#radio-buttons').find(\"[type='radio']\").first().check(); // index of radio button starts from 0; \ncy.get('#radio-buttons').find(\"[type='radio']\").eq(1) //index strats from 0; index 2 is the 3th radio button\n.check();",
              "err": {},
              "uuid": "556920f2-818c-4c6e-8b24-722c03f3db67",
              "parentUUID": "a4920e71-6fb7-4a32-86e3-cd4f7d741e72",
              "isHook": false,
              "skipped": false
            },
            {
              "title": "Validate the states of specific radio buttons",
              "fullTitle": "Verify radio buttons via webdriveruni Validate the states of specific radio buttons",
              "timedOut": null,
              "duration": 740,
              "state": "passed",
              "speed": "fast",
              "pass": true,
              "fail": false,
              "pending": false,
              "context": null,
              "code": "cy.get(\"[value='lettuce']\").should('not.be.checked');\ncy.get(\"[value='pumpkin']\").should('be.checked');\ncy.get(\"[value='lettuce']\").check();\ncy.get(\"[value='lettuce']\").should('be.checked');\ncy.get(\"[value='pumpkin']\").should('not.be.checked');\ncy.get(\"[value='cabbage']\").should('be.disabled');",
              "err": {},
              "uuid": "3b78db0f-2eae-4e02-8f05-6ef269bbaa1d",
              "parentUUID": "a4920e71-6fb7-4a32-86e3-cd4f7d741e72",
              "isHook": false,
              "skipped": false
            }
          ],
          "suites": [],
          "passes": [
            "556920f2-818c-4c6e-8b24-722c03f3db67",
            "3b78db0f-2eae-4e02-8f05-6ef269bbaa1d"
          ],
          "failures": [],
          "pending": [],
          "skipped": [],
          "duration": 2392,
          "root": false,
          "rootEmpty": false,
          "_timeout": 2000
        }
      ],
      "passes": [],
      "failures": [],
      "pending": [],
      "skipped": [],
      "duration": 0,
      "root": true,
      "rootEmpty": true,
      "_timeout": 2000
    },
    {
      "uuid": "4926852b-c754-48cd-a938-cedbb6a99a0b",
      "title": "",
      "fullFile": "cypress/e2e/webdriver-uni/select-dropdown-list.cy.js",
      "file": "cypress/e2e/webdriver-uni/select-dropdown-list.cy.js",
      "beforeHooks": [],
      "afterHooks": [],
      "tests": [],
      "suites": [
        {
          "uuid": "8e0fb87e-96cd-4dd5-b4a8-3edd776f72be",
          "title": "Interact with dropdown lists via webdriveruni",
          "fullFile": "",
          "file": "",
          "beforeHooks": [],
          "afterHooks": [],
          "tests": [
            {
              "title": "Select specific values via select dropdown lists",
              "fullTitle": "Interact with dropdown lists via webdriveruni Select specific values via select dropdown lists",
              "timedOut": null,
              "duration": 2451,
              "state": "passed",
              "speed": "fast",
              "pass": true,
              "fail": false,
              "pending": false,
              "context": null,
              "code": "cy.visit(\"http://www.webdriveruniversity.com\");\ncy.get('#dropdown-checkboxes-radiobuttons').invoke('removeAttr', 'target').click({\n  force: true\n});\ncy.get('#dropdowm-menu-1').select('c#'); //select option by attribute value \ncy.get('#dropdowm-menu-2').select('testng').should('have.value', 'testng'); //select optino by attribute text \ncy.get('#dropdowm-menu-3').select('JQuery').contains('JQuery'); // select maven base on its value & assert\ncy.get('#dropdowm-menu-2').select('maven').should('have.value', 'maven'); // select testNG base on its text & assert\ncy.get('#dropdowm-menu-2').select('TestNG').contains('TestNG');",
              "err": {},
              "uuid": "11e17c92-7ad2-4142-b58f-80cab7e8c52e",
              "parentUUID": "8e0fb87e-96cd-4dd5-b4a8-3edd776f72be",
              "isHook": false,
              "skipped": false
            }
          ],
          "suites": [],
          "passes": [
            "11e17c92-7ad2-4142-b58f-80cab7e8c52e"
          ],
          "failures": [],
          "pending": [],
          "skipped": [],
          "duration": 2451,
          "root": false,
          "rootEmpty": false,
          "_timeout": 2000
        }
      ],
      "passes": [],
      "failures": [],
      "pending": [],
      "skipped": [],
      "duration": 0,
      "root": true,
      "rootEmpty": true,
      "_timeout": 2000
    },
    {
      "uuid": "4cb0226f-f434-48de-b817-df8bbe552c78",
      "title": "",
      "fullFile": "cypress/e2e/webdriver-uni/selectors.cy.js",
      "file": "cypress/e2e/webdriver-uni/selectors.cy.js",
      "beforeHooks": [],
      "afterHooks": [],
      "tests": [],
      "suites": [
        {
          "uuid": "cff73d45-0090-43a4-a125-69859a8f32cb",
          "title": "Selector example",
          "fullFile": "",
          "file": "",
          "beforeHooks": [],
          "afterHooks": [],
          "tests": [
            {
              "title": "Examples of selectors via WebdriverUni Contact Us page",
              "fullTitle": "Selector example Examples of selectors via WebdriverUni Contact Us page",
              "timedOut": null,
              "duration": 703,
              "state": "passed",
              "speed": "fast",
              "pass": true,
              "fail": false,
              "pending": false,
              "context": null,
              "code": "cy.visit(\"https://webdriveruniversity.com/Contact-Us/contactus.html\"); //by tag name\ncy.get(\"input\"); //by attribute and a value\ncy.get(\"input[name='first_name']\"); //by id\ncy.get(\"#contact_me\"); //by class\ncy.get(\".feedback-input\"); //by multiple classes\ncy.get(\"[class='navbar navbar-inverse navbar-fixed-top']\"); //by 2 different attributes\ncy.get(\"[name='email'][placeholder='Email Address']\"); //by xpath\ncy.xpath(\"//input[@name='first_name']\");",
              "err": {},
              "uuid": "ccbf3e3d-3fd1-4309-be0d-2555c1eb1ff8",
              "parentUUID": "cff73d45-0090-43a4-a125-69859a8f32cb",
              "isHook": false,
              "skipped": false
            }
          ],
          "suites": [],
          "passes": [
            "ccbf3e3d-3fd1-4309-be0d-2555c1eb1ff8"
          ],
          "failures": [],
          "pending": [],
          "skipped": [],
          "duration": 703,
          "root": false,
          "rootEmpty": false,
          "_timeout": 2000
        }
      ],
      "passes": [],
      "failures": [],
      "pending": [],
      "skipped": [],
      "duration": 0,
      "root": true,
      "rootEmpty": true,
      "_timeout": 2000
    },
    {
      "uuid": "62683bb0-8012-4fe1-acd2-256fce4e6903",
      "title": "",
      "fullFile": "cypress/e2e/webdriver-uni/traversing-elements.cy.js",
      "file": "cypress/e2e/webdriver-uni/traversing-elements.cy.js",
      "beforeHooks": [],
      "afterHooks": [],
      "tests": [],
      "suites": [
        {
          "uuid": "99a571ab-9195-46dc-bd65-60e9e616411c",
          "title": "Traversing DOM elements in Cypress",
          "fullFile": "",
          "file": "",
          "beforeHooks": [],
          "afterHooks": [],
          "tests": [
            {
              "title": "children() to get the children of DOM elements",
              "fullTitle": "Traversing DOM elements in Cypress children() to get the children of DOM elements",
              "timedOut": null,
              "duration": 1629,
              "state": "passed",
              "speed": "fast",
              "pass": true,
              "fail": false,
              "pending": false,
              "context": null,
              "code": "cy.get(\".traversal-breadcrumb\").children(\".active\").should(\"contain\", \"Contact Us\");",
              "err": {},
              "uuid": "3733c77b-025a-42ed-8907-4c37c53b350e",
              "parentUUID": "99a571ab-9195-46dc-bd65-60e9e616411c",
              "isHook": false,
              "skipped": false
            },
            {
              "title": "closest() to validate the closest ancestor DOM element",
              "fullTitle": "Traversing DOM elements in Cypress closest() to validate the closest ancestor DOM element",
              "timedOut": null,
              "duration": 781,
              "state": "passed",
              "speed": "fast",
              "pass": true,
              "fail": false,
              "pending": false,
              "context": null,
              "code": "cy.get(\".traversal-badge\").closest(\"ul\").should(\"have.class\", \"list-group\");",
              "err": {},
              "uuid": "8ecc3271-318d-4e18-ba0b-2c54b0da229e",
              "parentUUID": "99a571ab-9195-46dc-bd65-60e9e616411c",
              "isHook": false,
              "skipped": false
            },
            {
              "title": "eq() to retrieve a specific element based on index",
              "fullTitle": "Traversing DOM elements in Cypress eq() to retrieve a specific element based on index",
              "timedOut": null,
              "duration": 731,
              "state": "passed",
              "speed": "fast",
              "pass": true,
              "fail": false,
              "pending": false,
              "context": null,
              "code": "cy.get(\".traversal-drinks-list > *\").eq(2).should(\"contain\", \"Milk\");",
              "err": {},
              "uuid": "1e0b750a-1fcb-483e-a76f-311eb79fccc8",
              "parentUUID": "99a571ab-9195-46dc-bd65-60e9e616411c",
              "isHook": false,
              "skipped": false
            },
            {
              "title": "filter() to retrieve DOM elements that match a specific selector",
              "fullTitle": "Traversing DOM elements in Cypress filter() to retrieve DOM elements that match a specific selector",
              "timedOut": null,
              "duration": 907,
              "state": "passed",
              "speed": "fast",
              "pass": true,
              "fail": false,
              "pending": false,
              "context": null,
              "code": "cy.get(\".btn-group-toggle > *\").filter(\".active\").should(\"contain\", \"Button-1\");",
              "err": {},
              "uuid": "9cb12c44-fe43-4990-af7b-e65de7149164",
              "parentUUID": "99a571ab-9195-46dc-bd65-60e9e616411c",
              "isHook": false,
              "skipped": false
            },
            {
              "title": "find() to retrieve DOM elements of a given selector",
              "fullTitle": "Traversing DOM elements in Cypress find() to retrieve DOM elements of a given selector",
              "timedOut": null,
              "duration": 773,
              "state": "passed",
              "speed": "fast",
              "pass": true,
              "fail": false,
              "pending": false,
              "context": null,
              "code": "cy.get(\".traversal-pagination\").find(\"li\").find(\"a\").should(\"have.length\", 7);",
              "err": {},
              "uuid": "6c428fa3-01dd-453e-bf1e-9022d2d0ee47",
              "parentUUID": "99a571ab-9195-46dc-bd65-60e9e616411c",
              "isHook": false,
              "skipped": false
            },
            {
              "title": "first() to retrieve the first DOM element within elements ",
              "fullTitle": "Traversing DOM elements in Cypress first() to retrieve the first DOM element within elements ",
              "timedOut": null,
              "duration": 805,
              "state": "passed",
              "speed": "fast",
              "pass": true,
              "fail": false,
              "pending": false,
              "context": null,
              "code": "cy.get(\".traversal-table > tbody > tr > td\").first().should(\"contain\", \"Andy\");",
              "err": {},
              "uuid": "63de7c31-430f-4636-a1db-3d2229c5d48a",
              "parentUUID": "99a571ab-9195-46dc-bd65-60e9e616411c",
              "isHook": false,
              "skipped": false
            },
            {
              "title": "last() to retrieve the last DOM element within elements",
              "fullTitle": "Traversing DOM elements in Cypress last() to retrieve the last DOM element within elements",
              "timedOut": null,
              "duration": 817,
              "state": "passed",
              "speed": "fast",
              "pass": true,
              "fail": false,
              "pending": false,
              "context": null,
              "code": "cy.get(\".traversal-table > tbody > tr > td\").last().should(\"contain\", \"Scott\");",
              "err": {},
              "uuid": "4b235a4a-918e-48f4-9c39-754e3a565553",
              "parentUUID": "99a571ab-9195-46dc-bd65-60e9e616411c",
              "isHook": false,
              "skipped": false
            },
            {
              "title": "nextAll() to get all of the next sibling DOM elements within elements",
              "fullTitle": "Traversing DOM elements in Cypress nextAll() to get all of the next sibling DOM elements within elements",
              "timedOut": null,
              "duration": 1023,
              "state": "passed",
              "speed": "fast",
              "pass": true,
              "fail": false,
              "pending": false,
              "context": null,
              "code": "cy.get(\".traversal-drinks-list\").contains(\"Tea\").nextAll().should(\"have.length\", \"3\");",
              "err": {},
              "uuid": "fd0924a0-e534-41b6-8a9c-91a7afc027a9",
              "parentUUID": "99a571ab-9195-46dc-bd65-60e9e616411c",
              "isHook": false,
              "skipped": false
            },
            {
              "title": "nextUntil() to get all of the next sibling DOM elements within elements until another element",
              "fullTitle": "Traversing DOM elements in Cypress nextUntil() to get all of the next sibling DOM elements within elements until another element",
              "timedOut": null,
              "duration": 1073,
              "state": "passed",
              "speed": "fast",
              "pass": true,
              "fail": false,
              "pending": false,
              "context": null,
              "code": "cy.get(\"#coffee\").nextUntil(\"#milk\");",
              "err": {},
              "uuid": "1b2c2dd1-749d-476c-ad6c-26359b90d48b",
              "parentUUID": "99a571ab-9195-46dc-bd65-60e9e616411c",
              "isHook": false,
              "skipped": false
            },
            {
              "title": "not() to remove DOM element(s) from the set of elements",
              "fullTitle": "Traversing DOM elements in Cypress not() to remove DOM element(s) from the set of elements",
              "timedOut": null,
              "duration": 1334,
              "state": "passed",
              "speed": "fast",
              "pass": true,
              "fail": false,
              "pending": false,
              "context": null,
              "code": "cy.get(\".traversal-button-states > button\").not(\".disabled\").should(\"not.have.class\", \"disabled\");",
              "err": {},
              "uuid": "d82563e4-4365-490f-aeb7-b95ea6732be2",
              "parentUUID": "99a571ab-9195-46dc-bd65-60e9e616411c",
              "isHook": false,
              "skipped": false
            },
            {
              "title": "parent() To get parent DOM element of elements",
              "fullTitle": "Traversing DOM elements in Cypress parent() To get parent DOM element of elements",
              "timedOut": null,
              "duration": 976,
              "state": "passed",
              "speed": "fast",
              "pass": true,
              "fail": false,
              "pending": false,
              "context": null,
              "code": "cy.get(\".traversal-mark\").parent().should(\"contain\", \"Lorem ipsum dolor sit amet\");",
              "err": {},
              "uuid": "3027f15a-3d6d-40b2-82b6-363676e927da",
              "parentUUID": "99a571ab-9195-46dc-bd65-60e9e616411c",
              "isHook": false,
              "skipped": false
            },
            {
              "title": "parents() to get parents DOM element of elements",
              "fullTitle": "Traversing DOM elements in Cypress parents() to get parents DOM element of elements",
              "timedOut": null,
              "duration": 1463,
              "state": "passed",
              "speed": "fast",
              "pass": true,
              "fail": false,
              "pending": false,
              "context": null,
              "code": "cy.get(\".traversal-cite\").parents().should(\"match\", \"blockquote\");",
              "err": {},
              "uuid": "69029a63-58f0-40e1-b05d-51bb9b7a309e",
              "parentUUID": "99a571ab-9195-46dc-bd65-60e9e616411c",
              "isHook": false,
              "skipped": false
            },
            {
              "title": "prev() to get the previous sibling DOM element within elements",
              "fullTitle": "Traversing DOM elements in Cypress prev() to get the previous sibling DOM element within elements",
              "timedOut": null,
              "duration": 1119,
              "state": "passed",
              "speed": "fast",
              "pass": true,
              "fail": false,
              "pending": false,
              "context": null,
              "code": "cy.get(\"#sugar\").prev().contains(\"Espresso\");",
              "err": {},
              "uuid": "8972a7d6-65bd-4c59-b2ff-bd5cdfb065d7",
              "parentUUID": "99a571ab-9195-46dc-bd65-60e9e616411c",
              "isHook": false,
              "skipped": false
            },
            {
              "title": "prevAll() to get all previous sibling DOM elements within elements",
              "fullTitle": "Traversing DOM elements in Cypress prevAll() to get all previous sibling DOM elements within elements",
              "timedOut": null,
              "duration": 971,
              "state": "passed",
              "speed": "fast",
              "pass": true,
              "fail": false,
              "pending": false,
              "context": null,
              "code": "cy.get(\".sales\").prevAll().should(\"have.length\", 2);",
              "err": {},
              "uuid": "607b1ea9-40f3-48f9-a45b-501ba09dbf4c",
              "parentUUID": "99a571ab-9195-46dc-bd65-60e9e616411c",
              "isHook": false,
              "skipped": false
            },
            {
              "title": "prevUntil() to get all previous sibling DOM elements within elements until other element",
              "fullTitle": "Traversing DOM elements in Cypress prevUntil() to get all previous sibling DOM elements within elements until other element",
              "timedOut": null,
              "duration": 833,
              "state": "passed",
              "speed": "fast",
              "pass": true,
              "fail": false,
              "pending": false,
              "context": null,
              "code": "cy.get(\"#veggie\").prevUntil(\"#fruits\").should(\"have.length\", 5);",
              "err": {},
              "uuid": "a6361767-f660-487f-8ab1-d493a1330d5b",
              "parentUUID": "99a571ab-9195-46dc-bd65-60e9e616411c",
              "isHook": false,
              "skipped": false
            },
            {
              "title": "siblings() To get all sibling DOM elements of elements",
              "fullTitle": "Traversing DOM elements in Cypress siblings() To get all sibling DOM elements of elements",
              "timedOut": null,
              "duration": 901,
              "state": "passed",
              "speed": "fast",
              "pass": true,
              "fail": false,
              "pending": false,
              "context": null,
              "code": "cy.get(\".traversal-button-other-states .active\").siblings().should(\"have.length\", 3);",
              "err": {},
              "uuid": "c1e070d1-3c87-487b-982b-8b3f09c33a99",
              "parentUUID": "99a571ab-9195-46dc-bd65-60e9e616411c",
              "isHook": false,
              "skipped": false
            }
          ],
          "suites": [],
          "passes": [
            "3733c77b-025a-42ed-8907-4c37c53b350e",
            "8ecc3271-318d-4e18-ba0b-2c54b0da229e",
            "1e0b750a-1fcb-483e-a76f-311eb79fccc8",
            "9cb12c44-fe43-4990-af7b-e65de7149164",
            "6c428fa3-01dd-453e-bf1e-9022d2d0ee47",
            "63de7c31-430f-4636-a1db-3d2229c5d48a",
            "4b235a4a-918e-48f4-9c39-754e3a565553",
            "fd0924a0-e534-41b6-8a9c-91a7afc027a9",
            "1b2c2dd1-749d-476c-ad6c-26359b90d48b",
            "d82563e4-4365-490f-aeb7-b95ea6732be2",
            "3027f15a-3d6d-40b2-82b6-363676e927da",
            "69029a63-58f0-40e1-b05d-51bb9b7a309e",
            "8972a7d6-65bd-4c59-b2ff-bd5cdfb065d7",
            "607b1ea9-40f3-48f9-a45b-501ba09dbf4c",
            "a6361767-f660-487f-8ab1-d493a1330d5b",
            "c1e070d1-3c87-487b-982b-8b3f09c33a99"
          ],
          "failures": [],
          "pending": [],
          "skipped": [],
          "duration": 16136,
          "root": false,
          "rootEmpty": false,
          "_timeout": 2000
        }
      ],
      "passes": [],
      "failures": [],
      "pending": [],
      "skipped": [],
      "duration": 0,
      "root": true,
      "rootEmpty": true,
      "_timeout": 2000
    }
  ],
  "meta": {
    "mocha": {
      "version": "7.0.1"
    },
    "mochawesome": {
      "options": {
        "quiet": false,
        "reportFilename": "mochawesome",
        "saveHtml": false,
        "saveJson": true,
        "consoleReporter": "spec",
        "useInlineDiffs": false,
        "code": true
      },
      "version": "7.1.3"
    },
    "marge": {
      "options": {
        "id": "default",
        "reportDir": "cypress/results/mochawesome",
        "quite": true,
        "overwrite": false,
        "html": false,
        "json": true
      },
      "version": "6.2.0"
    }
  }
}